<?xml version="1.0" encoding="UTF-8"?>
<testsuite xmlns:xsi="http://www.w3.org/2001/XMLSchema-instance" xsi:noNamespaceSchemaLocation="https://maven.apache.org/surefire/maven-surefire-plugin/xsd/surefire-test-report-3.0.xsd" version="3.0" name="mediantwosortedarrays.TestMedianSolution" time="0.018" tests="27" errors="0" skipped="0" failures="0">
  <properties>
[...]
</properties>
  <testcase name="test123AndMinusPairTo6" classname="mediantwosortedarrays.TestMedianSolution" time="0.007"/>
  <testcase name="test333AndNeg333" classname="mediantwosortedarrays.TestMedianSolution" time="0"/>
  <testcase name="testEmptyAnd13" classname="mediantwosortedarrays.TestMedianSolution" time="0.001"/>
  <testcase name="testEmptyAnd23" classname="mediantwosortedarrays.TestMedianSolution" time="0"/>
  <testcase name="testBothEmpty" classname="mediantwosortedarrays.TestMedianSolution" time="0"/>
  <testcase name="testEmptyAnd1To6WithNegative3" classname="mediantwosortedarrays.TestMedianSolution" time="0.001"/>
  <testcase name="test1And1" classname="mediantwosortedarrays.TestMedianSolution" time="0"/>
  <testcase name="test1And2" classname="mediantwosortedarrays.TestMedianSolution" time="0"/>
  <testcase name="test123And12" classname="mediantwosortedarrays.TestMedianSolution" time="0.001"/>
  <testcase name="test12And123" classname="mediantwosortedarrays.TestMedianSolution" time="0"/>
  <testcase name="test12And124" classname="mediantwosortedarrays.TestMedianSolution" time="0"/>
  <testcase name="test12AndNeg13" classname="mediantwosortedarrays.TestMedianSolution" time="0"/>
  <testcase name="test11And11" classname="mediantwosortedarrays.TestMedianSolution" time="0"/>
  <testcase name="test12And12" classname="mediantwosortedarrays.TestMedianSolution" time="0"/>
  <testcase name="test12And34" classname="mediantwosortedarrays.TestMedianSolution" time="0"/>
  <testcase name="test13And24" classname="mediantwosortedarrays.TestMedianSolution" time="0"/>
  <testcase name="testEmptyAnd1To4" classname="mediantwosortedarrays.TestMedianSolution" time="0"/>
  <testcase name="testEmptyAnd1To6" classname="mediantwosortedarrays.TestMedianSolution" time="0"/>
  <testcase name="testEmptyAnd1to5" classname="mediantwosortedarrays.TestMedianSolution" time="0.001"/>
  <testcase name="test3AndNeg21" classname="mediantwosortedarrays.TestMedianSolution" time="0"/>
  <testcase name="testZerosAndZerosAndNeg" classname="mediantwosortedarrays.TestMedianSolution" time="0"/>
  <testcase name="testEvenLarge" classname="mediantwosortedarrays.TestMedianSolution" time="0"/>
  <testcase name="test13And2" classname="mediantwosortedarrays.TestMedianSolution" time="0"/>
  <testcase name="test1And23" classname="mediantwosortedarrays.TestMedianSolution" time="0"/>
  <testcase name="testEmptyAndSingle" classname="mediantwosortedarrays.TestMedianSolution" time="0.001"/>
  <testcase name="testEven31And42" classname="mediantwosortedarrays.TestMedianSolution" time="0"/>
  <testcase name="testBoth1To5Elements" classname="mediantwosortedarrays.TestMedianSolution" time="0"/>
</testsuite>