<?xml version="1.0" encoding="UTF-8"?>
<testsuite xmlns:xsi="http://www.w3.org/2001/XMLSchema-instance" xsi:noNamespaceSchemaLocation="https://maven.apache.org/surefire/maven-surefire-plugin/xsd/surefire-test-report-3.0.xsd" version="3.0" name="longestsubstring.TestLongestSubstring" time="0.003" tests="15" errors="0" skipped="0" failures="0">
  <properties>
[...]
</properties>
  <testcase name="test_vbxpvwkkteaiob" classname="longestsubstring.TestLongestSubstring" time="0"/>
  <testcase name="test_AABCDEF" classname="longestsubstring.TestLongestSubstring" time="0"/>
  <testcase name="test_ABCBAB" classname="longestsubstring.TestLongestSubstring" time="0"/>
  <testcase name="test_ABCDeD" classname="longestsubstring.TestLongestSubstring" time="0"/>
  <testcase name="test_hkcpmprxxxqw" classname="longestsubstring.TestLongestSubstring" time="0"/>
  <testcase name="test_CXXC" classname="longestsubstring.TestLongestSubstring" time="0"/>
  <testcase name="test_dup2" classname="longestsubstring.TestLongestSubstring" time="0"/>
  <testcase name="test_dvdf" classname="longestsubstring.TestLongestSubstring" time="0"/>
  <testcase name="test_perf" classname="longestsubstring.TestLongestSubstring" time="0"/>
  <testcase name="test_biggie" classname="longestsubstring.TestLongestSubstring" time="0.002"/>
  <testcase name="test_museuwzbczdejn" classname="longestsubstring.TestLongestSubstring" time="0"/>
  <testcase name="test_pwwkew" classname="longestsubstring.TestLongestSubstring" time="0"/>
  <testcase name="test_gppsludzdtmccibi" classname="longestsubstring.TestLongestSubstring" time="0.001"/>
  <testcase name="test_gaaqfeqlqky" classname="longestsubstring.TestLongestSubstring" time="0"/>
  <testcase name="test_XXXXX" classname="longestsubstring.TestLongestSubstring" time="0"/>
</testsuite>